app/build/intermediates/manifest_merge_blame_file/debug/manifest-merger-blame-debug-report.txt
1<?xml version="1.0" encoding="utf-8"?>
2<manifest xmlns:android="http://schemas.android.com/apk/res/android"
3    package="com.example.craftshub"
4    android:versionCode="1"
5    android:versionName="1.0" >
6
7    <uses-sdk
8        android:minSdkVersion="19"
8-->src\main\AndroidManifest.xml
9        android:targetSdkVersion="33" />
9-->src\main\AndroidManifest.xml
10
11    <uses-permission android:name="android.permission.INTERNET" />
11-->[com.google.firebase:firebase-auth:22.0.0] AndroidManifest.xml:25:5-67
11-->[com.google.firebase:firebase-auth:22.0.0] AndroidManifest.xml:25:22-64
12    <uses-permission android:name="android.permission.ACCESS_NETWORK_STATE" />
12-->[com.google.firebase:firebase-auth:22.0.0] AndroidManifest.xml:26:5-79
12-->[com.google.firebase:firebase-auth:22.0.0] AndroidManifest.xml:26:22-76
13    <uses-permission android:name="android.permission.WAKE_LOCK" />
13-->[com.google.android.gms:play-services-measurement-api:21.3.0] AndroidManifest.xml:24:5-68
13-->[com.google.android.gms:play-services-measurement-api:21.3.0] AndroidManifest.xml:24:22-65
14    <uses-permission android:name="com.google.android.gms.permission.AD_ID" />
14-->[com.google.android.gms:play-services-measurement-api:21.3.0] AndroidManifest.xml:25:5-79
14-->[com.google.android.gms:play-services-measurement-api:21.3.0] AndroidManifest.xml:25:22-76
15    <uses-permission android:name="com.google.android.finsky.permission.BIND_GET_INSTALL_REFERRER_SERVICE" />
15-->[com.google.android.gms:play-services-measurement:21.3.0] AndroidManifest.xml:26:5-110
15-->[com.google.android.gms:play-services-measurement:21.3.0] AndroidManifest.xml:26:22-107
16
17    <permission
17-->[androidx.core:core:1.9.0] AndroidManifest.xml:22:5-24:47
18        android:name="com.example.craftshub.DYNAMIC_RECEIVER_NOT_EXPORTED_PERMISSION"
18-->[androidx.core:core:1.9.0] AndroidManifest.xml:23:9-81
19        android:protectionLevel="signature" />
19-->[androidx.core:core:1.9.0] AndroidManifest.xml:24:9-44
20
21    <uses-permission android:name="com.example.craftshub.DYNAMIC_RECEIVER_NOT_EXPORTED_PERMISSION" />
21-->[androidx.core:core:1.9.0] AndroidManifest.xml:26:5-97
21-->[androidx.core:core:1.9.0] AndroidManifest.xml:26:22-94
22
23    <application
23-->src\main\AndroidManifest.xml:5:5-38:19
24        android:allowBackup="true"
24-->src\main\AndroidManifest.xml:6:9-35
25        android:appComponentFactory="androidx.core.app.CoreComponentFactory"
25-->[androidx.core:core:1.9.0] AndroidManifest.xml:28:18-86
26        android:dataExtractionRules="@xml/data_extraction_rules"
26-->src\main\AndroidManifest.xml:7:9-65
27        android:debuggable="true"
28        android:fullBackupContent="@xml/backup_rules"
28-->src\main\AndroidManifest.xml:8:9-54
29        android:icon="@mipmap/ic_launcher"
29-->src\main\AndroidManifest.xml:9:9-43
30        android:label="@string/app_name"
30-->src\main\AndroidManifest.xml:10:9-41
31        android:roundIcon="@mipmap/ic_launcher_round"
31-->src\main\AndroidManifest.xml:11:9-54
32        android:supportsRtl="true"
32-->src\main\AndroidManifest.xml:12:9-35
33        android:testOnly="true"
34        android:theme="@style/Theme.CraftsHub" >
34-->src\main\AndroidManifest.xml:13:9-47
35        <activity
35-->src\main\AndroidManifest.xml:15:9-17:40
36            android:name="com.example.craftshub.RegisterActivity"
36-->src\main\AndroidManifest.xml:16:13-45
37            android:exported="false" />
37-->src\main\AndroidManifest.xml:17:13-37
38        <activity
38-->src\main\AndroidManifest.xml:18:9-22:54
39            android:name="com.example.craftshub.QueryActivity"
39-->src\main\AndroidManifest.xml:19:13-42
40            android:exported="false"
40-->src\main\AndroidManifest.xml:20:13-37
41            android:label="@string/title_activity_query"
41-->src\main\AndroidManifest.xml:21:13-57
42            android:theme="@style/Theme.CraftsHub" />
42-->src\main\AndroidManifest.xml:22:13-51
43        <activity
43-->src\main\AndroidManifest.xml:23:9-25:40
44            android:name="com.example.craftshub.SignUpActivity"
44-->src\main\AndroidManifest.xml:24:13-43
45            android:exported="false" />
45-->src\main\AndroidManifest.xml:25:13-37
46        <activity
46-->src\main\AndroidManifest.xml:26:9-28:40
47            android:name="com.example.craftshub.SignInActivity"
47-->src\main\AndroidManifest.xml:27:13-43
48            android:exported="false" />
48-->src\main\AndroidManifest.xml:28:13-37
49        <activity
49-->src\main\AndroidManifest.xml:29:9-37:20
50            android:name="com.example.craftshub.MainActivity"
50-->src\main\AndroidManifest.xml:30:13-41
51            android:exported="true" >
51-->src\main\AndroidManifest.xml:31:13-36
52            <intent-filter>
52-->src\main\AndroidManifest.xml:32:13-36:29
53                <action android:name="android.intent.action.MAIN" />
53-->src\main\AndroidManifest.xml:33:17-69
53-->src\main\AndroidManifest.xml:33:25-66
54
55                <category android:name="android.intent.category.LAUNCHER" />
55-->src\main\AndroidManifest.xml:35:17-77
55-->src\main\AndroidManifest.xml:35:27-74
56            </intent-filter>
57        </activity>
58
59        <service
59-->[com.google.firebase:firebase-auth-ktx:22.0.0] AndroidManifest.xml:8:9-14:19
60            android:name="com.google.firebase.components.ComponentDiscoveryService"
60-->[com.google.firebase:firebase-auth-ktx:22.0.0] AndroidManifest.xml:9:13-84
61            android:directBootAware="true"
61-->[com.google.firebase:firebase-common:20.3.2] AndroidManifest.xml:34:13-43
62            android:exported="false" >
62-->[com.google.firebase:firebase-auth-ktx:22.0.0] AndroidManifest.xml:10:13-37
63            <meta-data
63-->[com.google.firebase:firebase-auth-ktx:22.0.0] AndroidManifest.xml:11:13-13:85
64                android:name="com.google.firebase.components:com.google.firebase.auth.ktx.FirebaseAuthKtxRegistrar"
64-->[com.google.firebase:firebase-auth-ktx:22.0.0] AndroidManifest.xml:12:17-116
65                android:value="com.google.firebase.components.ComponentRegistrar" />
65-->[com.google.firebase:firebase-auth-ktx:22.0.0] AndroidManifest.xml:13:17-82
66            <meta-data
66-->[com.google.firebase:firebase-analytics-ktx:21.3.0] AndroidManifest.xml:11:13-13:85
67                android:name="com.google.firebase.components:com.google.firebase.analytics.ktx.FirebaseAnalyticsKtxRegistrar"
67-->[com.google.firebase:firebase-analytics-ktx:21.3.0] AndroidManifest.xml:12:17-126
68                android:value="com.google.firebase.components.ComponentRegistrar" />
68-->[com.google.firebase:firebase-analytics-ktx:21.3.0] AndroidManifest.xml:13:17-82
69            <meta-data
69-->[com.google.firebase:firebase-database-ktx:20.2.2] AndroidManifest.xml:14:13-16:85
70                android:name="com.google.firebase.components:com.google.firebase.database.ktx.FirebaseDatabaseKtxRegistrar"
70-->[com.google.firebase:firebase-database-ktx:20.2.2] AndroidManifest.xml:15:17-124
71                android:value="com.google.firebase.components.ComponentRegistrar" />
71-->[com.google.firebase:firebase-database-ktx:20.2.2] AndroidManifest.xml:16:17-82
72            <meta-data
72-->[com.google.firebase:firebase-common-ktx:20.3.2] AndroidManifest.xml:14:13-16:85
73                android:name="com.google.firebase.components:com.google.firebase.ktx.FirebaseCommonKtxRegistrar"
73-->[com.google.firebase:firebase-common-ktx:20.3.2] AndroidManifest.xml:15:17-113
74                android:value="com.google.firebase.components.ComponentRegistrar" />
74-->[com.google.firebase:firebase-common-ktx:20.3.2] AndroidManifest.xml:16:17-82
75            <meta-data
75-->[com.google.firebase:firebase-auth:22.0.0] AndroidManifest.xml:69:13-71:85
76                android:name="com.google.firebase.components:com.google.firebase.auth.FirebaseAuthRegistrar"
76-->[com.google.firebase:firebase-auth:22.0.0] AndroidManifest.xml:70:17-109
77                android:value="com.google.firebase.components.ComponentRegistrar" />
77-->[com.google.firebase:firebase-auth:22.0.0] AndroidManifest.xml:71:17-82
78            <meta-data
78-->[com.google.firebase:firebase-firestore:24.6.1] AndroidManifest.xml:19:13-21:85
79                android:name="com.google.firebase.components:com.google.firebase.firestore.FirestoreRegistrar"
79-->[com.google.firebase:firebase-firestore:24.6.1] AndroidManifest.xml:20:17-111
80                android:value="com.google.firebase.components.ComponentRegistrar" />
80-->[com.google.firebase:firebase-firestore:24.6.1] AndroidManifest.xml:21:17-82
81            <meta-data
81-->[com.google.firebase:firebase-database:20.2.2] AndroidManifest.xml:31:13-33:85
82                android:name="com.google.firebase.components:com.google.firebase.database.DatabaseRegistrar"
82-->[com.google.firebase:firebase-database:20.2.2] AndroidManifest.xml:32:17-109
83                android:value="com.google.firebase.components.ComponentRegistrar" />
83-->[com.google.firebase:firebase-database:20.2.2] AndroidManifest.xml:33:17-82
84            <meta-data
84-->[com.google.android.gms:play-services-measurement-api:21.3.0] AndroidManifest.xml:31:13-33:85
85                android:name="com.google.firebase.components:com.google.firebase.analytics.connector.internal.AnalyticsConnectorRegistrar"
85-->[com.google.android.gms:play-services-measurement-api:21.3.0] AndroidManifest.xml:32:17-139
86                android:value="com.google.firebase.components.ComponentRegistrar" />
86-->[com.google.android.gms:play-services-measurement-api:21.3.0] AndroidManifest.xml:33:17-82
87            <meta-data
87-->[com.google.firebase:firebase-installations:17.1.3] AndroidManifest.xml:17:13-19:85
88                android:name="com.google.firebase.components:com.google.firebase.installations.FirebaseInstallationsRegistrar"
88-->[com.google.firebase:firebase-installations:17.1.3] AndroidManifest.xml:18:17-127
89                android:value="com.google.firebase.components.ComponentRegistrar" />
89-->[com.google.firebase:firebase-installations:17.1.3] AndroidManifest.xml:19:17-82
90        </service>
91
92        <activity
92-->[com.google.firebase:firebase-auth:22.0.0] AndroidManifest.xml:29:9-46:20
93            android:name="com.google.firebase.auth.internal.GenericIdpActivity"
93-->[com.google.firebase:firebase-auth:22.0.0] AndroidManifest.xml:30:13-80
94            android:excludeFromRecents="true"
94-->[com.google.firebase:firebase-auth:22.0.0] AndroidManifest.xml:31:13-46
95            android:exported="true"
95-->[com.google.firebase:firebase-auth:22.0.0] AndroidManifest.xml:32:13-36
96            android:launchMode="singleTask"
96-->[com.google.firebase:firebase-auth:22.0.0] AndroidManifest.xml:33:13-44
97            android:theme="@android:style/Theme.Translucent.NoTitleBar" >
97-->[com.google.firebase:firebase-auth:22.0.0] AndroidManifest.xml:34:13-72
98            <intent-filter>
98-->[com.google.firebase:firebase-auth:22.0.0] AndroidManifest.xml:35:13-45:29
99                <action android:name="android.intent.action.VIEW" />
99-->[com.google.firebase:firebase-auth:22.0.0] AndroidManifest.xml:36:17-69
99-->[com.google.firebase:firebase-auth:22.0.0] AndroidManifest.xml:36:25-66
100
101                <category android:name="android.intent.category.DEFAULT" />
101-->[com.google.firebase:firebase-auth:22.0.0] AndroidManifest.xml:38:17-76
101-->[com.google.firebase:firebase-auth:22.0.0] AndroidManifest.xml:38:27-73
102                <category android:name="android.intent.category.BROWSABLE" />
102-->[com.google.firebase:firebase-auth:22.0.0] AndroidManifest.xml:39:17-78
102-->[com.google.firebase:firebase-auth:22.0.0] AndroidManifest.xml:39:27-75
103
104                <data
104-->[com.google.firebase:firebase-auth:22.0.0] AndroidManifest.xml:41:17-44:51
105                    android:host="firebase.auth"
105-->[com.google.firebase:firebase-auth:22.0.0] AndroidManifest.xml:42:21-49
106                    android:path="/"
106-->[com.google.firebase:firebase-auth:22.0.0] AndroidManifest.xml:43:21-37
107                    android:scheme="genericidp" />
107-->[com.google.firebase:firebase-auth:22.0.0] AndroidManifest.xml:44:21-48
108            </intent-filter>
109        </activity>
110        <activity
110-->[com.google.firebase:firebase-auth:22.0.0] AndroidManifest.xml:47:9-64:20
111            android:name="com.google.firebase.auth.internal.RecaptchaActivity"
111-->[com.google.firebase:firebase-auth:22.0.0] AndroidManifest.xml:48:13-79
112            android:excludeFromRecents="true"
112-->[com.google.firebase:firebase-auth:22.0.0] AndroidManifest.xml:49:13-46
113            android:exported="true"
113-->[com.google.firebase:firebase-auth:22.0.0] AndroidManifest.xml:50:13-36
114            android:launchMode="singleTask"
114-->[com.google.firebase:firebase-auth:22.0.0] AndroidManifest.xml:51:13-44
115            android:theme="@android:style/Theme.Translucent.NoTitleBar" >
115-->[com.google.firebase:firebase-auth:22.0.0] AndroidManifest.xml:52:13-72
116            <intent-filter>
116-->[com.google.firebase:firebase-auth:22.0.0] AndroidManifest.xml:53:13-63:29
117                <action android:name="android.intent.action.VIEW" />
117-->[com.google.firebase:firebase-auth:22.0.0] AndroidManifest.xml:36:17-69
117-->[com.google.firebase:firebase-auth:22.0.0] AndroidManifest.xml:36:25-66
118
119                <category android:name="android.intent.category.DEFAULT" />
119-->[com.google.firebase:firebase-auth:22.0.0] AndroidManifest.xml:38:17-76
119-->[com.google.firebase:firebase-auth:22.0.0] AndroidManifest.xml:38:27-73
120                <category android:name="android.intent.category.BROWSABLE" />
120-->[com.google.firebase:firebase-auth:22.0.0] AndroidManifest.xml:39:17-78
120-->[com.google.firebase:firebase-auth:22.0.0] AndroidManifest.xml:39:27-75
121
122                <data
122-->[com.google.firebase:firebase-auth:22.0.0] AndroidManifest.xml:41:17-44:51
123                    android:host="firebase.auth"
123-->[com.google.firebase:firebase-auth:22.0.0] AndroidManifest.xml:42:21-49
124                    android:path="/"
124-->[com.google.firebase:firebase-auth:22.0.0] AndroidManifest.xml:43:21-37
125                    android:scheme="recaptcha" />
125-->[com.google.firebase:firebase-auth:22.0.0] AndroidManifest.xml:44:21-48
126            </intent-filter>
127        </activity>
128        <activity
128-->[com.google.android.gms:play-services-auth:20.5.0] AndroidManifest.xml:23:9-27:75
129            android:name="com.google.android.gms.auth.api.signin.internal.SignInHubActivity"
129-->[com.google.android.gms:play-services-auth:20.5.0] AndroidManifest.xml:24:13-93
130            android:excludeFromRecents="true"
130-->[com.google.android.gms:play-services-auth:20.5.0] AndroidManifest.xml:25:13-46
131            android:exported="false"
131-->[com.google.android.gms:play-services-auth:20.5.0] AndroidManifest.xml:26:13-37
132            android:theme="@android:style/Theme.Translucent.NoTitleBar" />
132-->[com.google.android.gms:play-services-auth:20.5.0] AndroidManifest.xml:27:13-72
133        <!--
134            Service handling Google Sign-In user revocation. For apps that do not integrate with
135            Google Sign-In, this service will never be started.
136        -->
137        <service
137-->[com.google.android.gms:play-services-auth:20.5.0] AndroidManifest.xml:33:9-37:51
138            android:name="com.google.android.gms.auth.api.signin.RevocationBoundService"
138-->[com.google.android.gms:play-services-auth:20.5.0] AndroidManifest.xml:34:13-89
139            android:exported="true"
139-->[com.google.android.gms:play-services-auth:20.5.0] AndroidManifest.xml:35:13-36
140            android:permission="com.google.android.gms.auth.api.signin.permission.REVOCATION_NOTIFICATION"
140-->[com.google.android.gms:play-services-auth:20.5.0] AndroidManifest.xml:36:13-107
141            android:visibleToInstantApps="true" />
141-->[com.google.android.gms:play-services-auth:20.5.0] AndroidManifest.xml:37:13-48
142
143        <provider
143-->[com.google.firebase:firebase-common:20.3.2] AndroidManifest.xml:25:9-30:39
144            android:name="com.google.firebase.provider.FirebaseInitProvider"
144-->[com.google.firebase:firebase-common:20.3.2] AndroidManifest.xml:26:13-77
145            android:authorities="com.example.craftshub.firebaseinitprovider"
145-->[com.google.firebase:firebase-common:20.3.2] AndroidManifest.xml:27:13-72
146            android:directBootAware="true"
146-->[com.google.firebase:firebase-common:20.3.2] AndroidManifest.xml:28:13-43
147            android:exported="false"
147-->[com.google.firebase:firebase-common:20.3.2] AndroidManifest.xml:29:13-37
148            android:initOrder="100" />
148-->[com.google.firebase:firebase-common:20.3.2] AndroidManifest.xml:30:13-36
149
150        <activity
150-->[com.google.android.gms:play-services-base:18.1.0] AndroidManifest.xml:20:9-22:45
151            android:name="com.google.android.gms.common.api.GoogleApiActivity"
151-->[com.google.android.gms:play-services-base:18.1.0] AndroidManifest.xml:20:19-85
152            android:exported="false"
152-->[com.google.android.gms:play-services-base:18.1.0] AndroidManifest.xml:22:19-43
153            android:theme="@android:style/Theme.Translucent.NoTitleBar" />
153-->[com.google.android.gms:play-services-base:18.1.0] AndroidManifest.xml:21:19-78
154
155        <receiver
155-->[com.google.android.gms:play-services-measurement:21.3.0] AndroidManifest.xml:29:9-33:20
156            android:name="com.google.android.gms.measurement.AppMeasurementReceiver"
156-->[com.google.android.gms:play-services-measurement:21.3.0] AndroidManifest.xml:30:13-85
157            android:enabled="true"
157-->[com.google.android.gms:play-services-measurement:21.3.0] AndroidManifest.xml:31:13-35
158            android:exported="false" >
158-->[com.google.android.gms:play-services-measurement:21.3.0] AndroidManifest.xml:32:13-37
159        </receiver>
160
161        <service
161-->[com.google.android.gms:play-services-measurement:21.3.0] AndroidManifest.xml:35:9-38:40
162            android:name="com.google.android.gms.measurement.AppMeasurementService"
162-->[com.google.android.gms:play-services-measurement:21.3.0] AndroidManifest.xml:36:13-84
163            android:enabled="true"
163-->[com.google.android.gms:play-services-measurement:21.3.0] AndroidManifest.xml:37:13-35
164            android:exported="false" />
164-->[com.google.android.gms:play-services-measurement:21.3.0] AndroidManifest.xml:38:13-37
165        <service
165-->[com.google.android.gms:play-services-measurement:21.3.0] AndroidManifest.xml:39:9-43:72
166            android:name="com.google.android.gms.measurement.AppMeasurementJobService"
166-->[com.google.android.gms:play-services-measurement:21.3.0] AndroidManifest.xml:40:13-87
167            android:enabled="true"
167-->[com.google.android.gms:play-services-measurement:21.3.0] AndroidManifest.xml:41:13-35
168            android:exported="false"
168-->[com.google.android.gms:play-services-measurement:21.3.0] AndroidManifest.xml:42:13-37
169            android:permission="android.permission.BIND_JOB_SERVICE" />
169-->[com.google.android.gms:play-services-measurement:21.3.0] AndroidManifest.xml:43:13-69
170
171        <meta-data
171-->[com.google.android.gms:play-services-basement:18.2.0] AndroidManifest.xml:21:9-23:69
172            android:name="com.google.android.gms.version"
172-->[com.google.android.gms:play-services-basement:18.2.0] AndroidManifest.xml:22:13-58
173            android:value="@integer/google_play_services_version" />
173-->[com.google.android.gms:play-services-basement:18.2.0] AndroidManifest.xml:23:13-66
174
175        <provider
175-->[androidx.emoji2:emoji2:1.2.0] AndroidManifest.xml:24:9-32:20
176            android:name="androidx.startup.InitializationProvider"
176-->[androidx.emoji2:emoji2:1.2.0] AndroidManifest.xml:25:13-67
177            android:authorities="com.example.craftshub.androidx-startup"
177-->[androidx.emoji2:emoji2:1.2.0] AndroidManifest.xml:26:13-68
178            android:exported="false" >
178-->[androidx.emoji2:emoji2:1.2.0] AndroidManifest.xml:27:13-37
179            <meta-data
179-->[androidx.emoji2:emoji2:1.2.0] AndroidManifest.xml:29:13-31:52
180                android:name="androidx.emoji2.text.EmojiCompatInitializer"
180-->[androidx.emoji2:emoji2:1.2.0] AndroidManifest.xml:30:17-75
181                android:value="androidx.startup" />
181-->[androidx.emoji2:emoji2:1.2.0] AndroidManifest.xml:31:17-49
182            <meta-data
182-->[androidx.lifecycle:lifecycle-process:2.6.1] AndroidManifest.xml:29:13-31:52
183                android:name="androidx.lifecycle.ProcessLifecycleInitializer"
183-->[androidx.lifecycle:lifecycle-process:2.6.1] AndroidManifest.xml:30:17-78
184                android:value="androidx.startup" />
184-->[androidx.lifecycle:lifecycle-process:2.6.1] AndroidManifest.xml:31:17-49
185            <meta-data
185-->[androidx.profileinstaller:profileinstaller:1.3.0] AndroidManifest.xml:29:13-31:52
186                android:name="androidx.profileinstaller.ProfileInstallerInitializer"
186-->[androidx.profileinstaller:profileinstaller:1.3.0] AndroidManifest.xml:30:17-85
187                android:value="androidx.startup" />
187-->[androidx.profileinstaller:profileinstaller:1.3.0] AndroidManifest.xml:31:17-49
188        </provider>
189
190        <uses-library
190-->[androidx.window:window:1.0.0] AndroidManifest.xml:25:9-27:40
191            android:name="androidx.window.extensions"
191-->[androidx.window:window:1.0.0] AndroidManifest.xml:26:13-54
192            android:required="false" />
192-->[androidx.window:window:1.0.0] AndroidManifest.xml:27:13-37
193        <uses-library
193-->[androidx.window:window:1.0.0] AndroidManifest.xml:28:9-30:40
194            android:name="androidx.window.sidecar"
194-->[androidx.window:window:1.0.0] AndroidManifest.xml:29:13-51
195            android:required="false" />
195-->[androidx.window:window:1.0.0] AndroidManifest.xml:30:13-37
196
197        <receiver
197-->[androidx.profileinstaller:profileinstaller:1.3.0] AndroidManifest.xml:34:9-52:20
198            android:name="androidx.profileinstaller.ProfileInstallReceiver"
198-->[androidx.profileinstaller:profileinstaller:1.3.0] AndroidManifest.xml:35:13-76
199            android:directBootAware="false"
199-->[androidx.profileinstaller:profileinstaller:1.3.0] AndroidManifest.xml:36:13-44
200            android:enabled="true"
200-->[androidx.profileinstaller:profileinstaller:1.3.0] AndroidManifest.xml:37:13-35
201            android:exported="true"
201-->[androidx.profileinstaller:profileinstaller:1.3.0] AndroidManifest.xml:38:13-36
202            android:permission="android.permission.DUMP" >
202-->[androidx.profileinstaller:profileinstaller:1.3.0] AndroidManifest.xml:39:13-57
203            <intent-filter>
203-->[androidx.profileinstaller:profileinstaller:1.3.0] AndroidManifest.xml:40:13-42:29
204                <action android:name="androidx.profileinstaller.action.INSTALL_PROFILE" />
204-->[androidx.profileinstaller:profileinstaller:1.3.0] AndroidManifest.xml:41:17-91
204-->[androidx.profileinstaller:profileinstaller:1.3.0] AndroidManifest.xml:41:25-88
205            </intent-filter>
206            <intent-filter>
206-->[androidx.profileinstaller:profileinstaller:1.3.0] AndroidManifest.xml:43:13-45:29
207                <action android:name="androidx.profileinstaller.action.SKIP_FILE" />
207-->[androidx.profileinstaller:profileinstaller:1.3.0] AndroidManifest.xml:44:17-85
207-->[androidx.profileinstaller:profileinstaller:1.3.0] AndroidManifest.xml:44:25-82
208            </intent-filter>
209            <intent-filter>
209-->[androidx.profileinstaller:profileinstaller:1.3.0] AndroidManifest.xml:46:13-48:29
210                <action android:name="androidx.profileinstaller.action.SAVE_PROFILE" />
210-->[androidx.profileinstaller:profileinstaller:1.3.0] AndroidManifest.xml:47:17-88
210-->[androidx.profileinstaller:profileinstaller:1.3.0] AndroidManifest.xml:47:25-85
211            </intent-filter>
212            <intent-filter>
212-->[androidx.profileinstaller:profileinstaller:1.3.0] AndroidManifest.xml:49:13-51:29
213                <action android:name="androidx.profileinstaller.action.BENCHMARK_OPERATION" />
213-->[androidx.profileinstaller:profileinstaller:1.3.0] AndroidManifest.xml:50:17-95
213-->[androidx.profileinstaller:profileinstaller:1.3.0] AndroidManifest.xml:50:25-92
214            </intent-filter>
215        </receiver>
216    </application>
217
218</manifest>